#
# A fatal error has been detected by the Java Runtime Environment:
#
#  EXCEPTION_ACCESS_VIOLATION (0xc0000005) at pc=0x00007ffd6b476b32, pid=7472, tid=0x0000000000001780
#
# JRE version: Java(TM) SE Runtime Environment (8.0_251-b08) (build 1.8.0_251-b08)
# Java VM: Java HotSpot(TM) 64-Bit Server VM (25.251-b08 mixed mode windows-amd64 compressed oops)
# Problematic frame:
# C  [vulkan-1.dll+0x46b32]
#
# Failed to write core dump. Minidumps are not enabled by default on client versions of Windows
#
# If you would like to submit a bug report, please visit:
#   http://bugreport.java.com/bugreport/crash.jsp
# The crash happened outside the Java Virtual Machine in native code.
# See problematic frame for where to report the bug.
#

---------------  T H R E A D  ---------------

Current thread (0x00000000025c9000):  JavaThread "main" [_thread_in_native, id=6016, stack(0x0000000002410000,0x0000000002510000)]

siginfo: ExceptionCode=0xc0000005, reading address 0x0000000000000040

Registers:
RAX=0x0000000000000000, RBX=0x000000001bd61090, RCX=0x000000001e059e00, RDX=0x0000000000000000
RSP=0x000000000250ee00, RBP=0x000000001e067150, RSI=0x000000001e059e00, RDI=0x000000001a322d28
R8 =0x0000000000000000, R9 =0x000000001a322d28, R10=0x0000000000000000, R11=0x000000000250ee38
R12=0x0000000000000000, R13=0x00000000172273b8, R14=0x0000000000000000, R15=0x0000000000000000
RIP=0x00007ffd6b476b32, EFLAGS=0x0000000000010206

Top of Stack: (sp=0x000000000250ee00)
0x000000000250ee00:   00007ffd2bc1e250 00007ffd2ab5ba75
0x000000000250ee10:   0000000000000000 000000001a322d28
0x000000000250ee20:   0000000000000000 0000000000000000
0x000000000250ee30:   000000001e10fbf0 00007ffd2ab75842
0x000000000250ee40:   000000001e059e00 000000001e059e00
0x000000000250ee50:   0000000000000000 000000001a322d28
0x000000000250ee60:   000000001e059e00 00007ffd2aaeeba0
0x000000000250ee70:   000000001e05a360 000000001a322d28
0x000000000250ee80:   000000001e10fbf0 000000001e05a360
0x000000000250ee90:   000000001a322d28 00000000025c9000
0x000000000250eea0:   fffffffffffffffe 000000001dde61e0
0x000000000250eeb0:   0000000000000001 00007ffd6b47781a
0x000000000250eec0:   00000000025c9000 000000000250f000
0x000000000250eed0:   00000000172273b8 0000000000000000
0x000000000250eee0:   0000000000000005 00000000027d8c67
0x000000000250eef0:   000000001e10fbf0 00000000172273b8 

Instructions: (pc=0x00007ffd6b476b32)
0x00007ffd6b476b12:   48 83 bd 00 01 00 00 00 75 16 45 33 c0 4c 8d 0d
0x00007ffd6b476b22:   8a 7a 07 00 48 8b cb 41 8d 50 08 e8 3e a5 fb ff
0x00007ffd6b476b32:   49 8b 4f 40 4c 89 74 24 40 48 85 c9 74 22 0f b6
0x00007ffd6b476b42:   46 10 4c 8b 34 c1 4d 85 f6 74 15 48 8b 9d 00 01 


Register to memory mapping:

RAX=0x0000000000000000 is an unknown value
RBX=0x000000001bd61090 is an unknown value
RCX=0x000000001e059e00 is an unknown value
RDX=0x0000000000000000 is an unknown value
RSP=0x000000000250ee00 is pointing into the stack for thread: 0x00000000025c9000
RBP=0x000000001e067150 is an unknown value
RSI=0x000000001e059e00 is an unknown value
RDI=0x000000001a322d28 is an unknown value
R8 =0x0000000000000000 is an unknown value
R9 =0x000000001a322d28 is an unknown value
R10=0x0000000000000000 is an unknown value
R11=0x000000000250ee38 is pointing into the stack for thread: 0x00000000025c9000
R12=0x0000000000000000 is an unknown value
R13={method} {0x00000000172273c0} 'callPJPI' '(JIJJJ)I' in 'org/lwjgl/system/JNI'
R14=0x0000000000000000 is an unknown value
R15=0x0000000000000000 is an unknown value


Stack: [0x0000000002410000,0x0000000002510000],  sp=0x000000000250ee00,  free space=1019k
Native frames: (J=compiled Java code, j=interpreted, Vv=VM code, C=native code)
C  [vulkan-1.dll+0x46b32]
C  [VkLayer_khronos_validation.dll+0x225842]
C  [VkLayer_khronos_validation.dll+0x19eba0]
C  0x00000000027d8c67

Java frames: (J=compiled Java code, j=interpreted, Vv=VM code)
j  org.lwjgl.system.JNI.callPJPI(JIJJJ)I+0
j  org.lwjgl.vulkan.KHRSurface.nvkGetPhysicalDeviceSurfaceSupportKHR(Lorg/lwjgl/vulkan/VkPhysicalDevice;IJJ)I+31
j  org.lwjgl.vulkan.KHRSurface.vkGetPhysicalDeviceSurfaceSupportKHR(Lorg/lwjgl/vulkan/VkPhysicalDevice;IJLjava/nio/IntBuffer;)I+20
j  Engine.Utilities.EngineUtilities.getQueueFamilies(Lorg/lwjgl/vulkan/VkPhysicalDevice;)LEngine/Renderer/QueueFamilyIndices;+119
j  Engine.Utilities.EngineUtilities.checkDeviceCompatible(Lorg/lwjgl/vulkan/VkPhysicalDevice;)Z+1
j  Engine.Utilities.EngineUtilities.rateDevice(Lorg/lwjgl/vulkan/VkPhysicalDevice;)I+7
j  Engine.Utilities.EngineUtilities.selectDevice()Lorg/lwjgl/vulkan/VkPhysicalDevice;+78
j  Engine.Renderer.VRenderer.init()V+15
j  Engine.Piston.init()V+36
j  Engine.Piston.<init>()V+21
j  Engine.Piston.main([Ljava/lang/String;)V+4
v  ~StubRoutines::call_stub

---------------  P R O C E S S  ---------------

Java Threads: ( => current thread )
  0x0000000019f85800 JavaThread "Service Thread" daemon [_thread_blocked, id=7500, stack(0x000000001aa70000,0x000000001ab70000)]
  0x0000000019eca000 JavaThread "C1 CompilerThread3" daemon [_thread_blocked, id=1504, stack(0x000000001a970000,0x000000001aa70000)]
  0x000000001987e000 JavaThread "C2 CompilerThread2" daemon [_thread_blocked, id=7716, stack(0x000000001a870000,0x000000001a970000)]
  0x000000001987d000 JavaThread "C2 CompilerThread1" daemon [_thread_blocked, id=15324, stack(0x000000001a770000,0x000000001a870000)]
  0x000000001987a800 JavaThread "C2 CompilerThread0" daemon [_thread_blocked, id=13436, stack(0x000000001a670000,0x000000001a770000)]
  0x0000000019ec7800 JavaThread "Monitor Ctrl-Break" daemon [_thread_in_native, id=10748, stack(0x000000001a570000,0x000000001a670000)]
  0x00000000194ba800 JavaThread "Attach Listener" daemon [_thread_blocked, id=6384, stack(0x0000000019c70000,0x0000000019d70000)]
  0x00000000194b7000 JavaThread "Signal Dispatcher" daemon [_thread_blocked, id=10648, stack(0x0000000019b70000,0x0000000019c70000)]
  0x00000000194a1000 JavaThread "Finalizer" daemon [_thread_blocked, id=13360, stack(0x0000000019980000,0x0000000019a80000)]
  0x00000000176bd800 JavaThread "Reference Handler" daemon [_thread_blocked, id=8388, stack(0x0000000019880000,0x0000000019980000)]
=>0x00000000025c9000 JavaThread "main" [_thread_in_native, id=6016, stack(0x0000000002410000,0x0000000002510000)]

Other Threads:
  0x00000000026be800 VMThread [stack: 0x0000000019380000,0x0000000019480000] [id=7372]
  0x000000001a071800 WatcherThread [stack: 0x000000001ab70000,0x000000001ac70000] [id=13280]

VM state:not at safepoint (normal execution)

VM Mutex/Monitor currently owned by a thread: None

heap address: 0x0000000082600000, size: 2010 MB, Compressed Oops mode: 32-bit
Narrow klass base: 0x0000000000000000, Narrow klass shift: 3
Compressed class space size: 1073741824 Address: 0x0000000100000000

Heap:
 PSYoungGen      total 37888K, used 18961K [0x00000000d6200000, 0x00000000d8c00000, 0x0000000100000000)
  eden space 32768K, 57% used [0x00000000d6200000,0x00000000d7484420,0x00000000d8200000)
  from space 5120K, 0% used [0x00000000d8700000,0x00000000d8700000,0x00000000d8c00000)
  to   space 5120K, 0% used [0x00000000d8200000,0x00000000d8200000,0x00000000d8700000)
 ParOldGen       total 86016K, used 0K [0x0000000082600000, 0x0000000087a00000, 0x00000000d6200000)
  object space 86016K, 0% used [0x0000000082600000,0x0000000082600000,0x0000000087a00000)
 Metaspace       used 7618K, capacity 7860K, committed 8064K, reserved 1056768K
  class space    used 802K, capacity 884K, committed 896K, reserved 1048576K

Card table byte_map: [0x0000000011b80000,0x0000000011f70000] byte_map_base: 0x000000001176d000

Marking Bits: (ParMarkBitMap*) 0x000000005cd7af90
 Begin Bits: [0x0000000012a10000, 0x0000000014978000)
 End Bits:   [0x0000000014978000, 0x00000000168e0000)

Polling page: 0x0000000000570000

CodeCache: size=245760Kb used=2810Kb max_used=2810Kb free=242949Kb
 bounds [0x00000000027c0000, 0x0000000002a80000, 0x00000000117c0000]
 total_blobs=1399 nmethods=564 adapters=748
 compilation: enabled

Compilation events (10 events):
Event: 2.580 Thread 0x0000000019eca000  560       3       java.util.zip.ZipFile$ZipFileInputStream::<init> (41 bytes)
Event: 2.580 Thread 0x0000000019eca000 nmethod 560 0x0000000002a75310 code [0x0000000002a754a0, 0x0000000002a75838]
Event: 2.585 Thread 0x0000000019eca000  561       3       java.util.ArrayDeque::poll (5 bytes)
Event: 2.585 Thread 0x0000000019eca000 nmethod 561 0x0000000002a74d50 code [0x0000000002a74ec0, 0x0000000002a75068]
Event: 2.585 Thread 0x0000000019eca000  562       3       java.util.ArrayDeque::pollFirst (42 bytes)
Event: 2.585 Thread 0x0000000019eca000 nmethod 562 0x0000000002a7d990 code [0x0000000002a7db00, 0x0000000002a7de30]
Event: 2.597 Thread 0x0000000019eca000  563       3       org.lwjgl.system.MultiReleaseTextDecoding::decodeUTF8 (351 bytes)
Event: 2.598 Thread 0x0000000019eca000 nmethod 563 0x0000000002a7e610 code [0x0000000002a7e7e0, 0x0000000002a7f098]
Event: 2.614 Thread 0x0000000019eca000  564       3       java.nio.ByteBuffer::arrayOffset (35 bytes)
Event: 2.614 Thread 0x0000000019eca000 nmethod 564 0x0000000002a7f450 code [0x0000000002a7f5e0, 0x0000000002a7f8f8]

GC Heap History (0 events):
No events

Deoptimization events (1 events):
Event: 0.460 Thread 0x00000000025c9000 Uncommon trap: reason=unstable_if action=reinterpret pc=0x00000000029317c4 method=java.lang.String.indexOf([CII[CIII)I @ 134

Classes redefined (0 events):
No events

Internal exceptions (10 events):
Event: 0.472 Thread 0x00000000025c9000 Exception <a 'java/security/PrivilegedActionException'> (0x00000000d6b50d88) thrown at [C:\jenkins\workspace\8-2-build-windows-amd64-cygwin\jdk8u251\737\hotspot\src\share\vm\prims\jvm.cpp, line 1502]
Event: 0.472 Thread 0x00000000025c9000 Exception <a 'java/security/PrivilegedActionException'> (0x00000000d6b50f98) thrown at [C:\jenkins\workspace\8-2-build-windows-amd64-cygwin\jdk8u251\737\hotspot\src\share\vm\prims\jvm.cpp, line 1502]
Event: 0.497 Thread 0x00000000025c9000 Exception <a 'sun/nio/fs/WindowsException'> (0x00000000d6bce098) thrown at [C:\jenkins\workspace\8-2-build-windows-amd64-cygwin\jdk8u251\737\hotspot\src\share\vm\prims\jni.cpp, line 710]
Event: 0.497 Thread 0x00000000025c9000 Exception <a 'sun/nio/fs/WindowsException'> (0x00000000d6bcfb58) thrown at [C:\jenkins\workspace\8-2-build-windows-amd64-cygwin\jdk8u251\737\hotspot\src\share\vm\prims\jni.cpp, line 710]
Event: 0.513 Thread 0x00000000025c9000 Exception <a 'sun/nio/fs/WindowsException'> (0x00000000d6c50a50) thrown at [C:\jenkins\workspace\8-2-build-windows-amd64-cygwin\jdk8u251\737\hotspot\src\share\vm\prims\jni.cpp, line 710]
Event: 0.513 Thread 0x00000000025c9000 Exception <a 'sun/nio/fs/WindowsException'> (0x00000000d6c51130) thrown at [C:\jenkins\workspace\8-2-build-windows-amd64-cygwin\jdk8u251\737\hotspot\src\share\vm\prims\jni.cpp, line 710]
Event: 0.801 Thread 0x00000000025c9000 Exception <a 'sun/nio/fs/WindowsException'> (0x00000000d6eaab48) thrown at [C:\jenkins\workspace\8-2-build-windows-amd64-cygwin\jdk8u251\737\hotspot\src\share\vm\prims\jni.cpp, line 710]
Event: 0.801 Thread 0x00000000025c9000 Exception <a 'sun/nio/fs/WindowsException'> (0x00000000d6eab140) thrown at [C:\jenkins\workspace\8-2-build-windows-amd64-cygwin\jdk8u251\737\hotspot\src\share\vm\prims\jni.cpp, line 710]
Event: 1.793 Thread 0x00000000025c9000 Exception <a 'sun/nio/fs/WindowsException'> (0x00000000d6fdf4b8) thrown at [C:\jenkins\workspace\8-2-build-windows-amd64-cygwin\jdk8u251\737\hotspot\src\share\vm\prims\jni.cpp, line 710]
Event: 1.793 Thread 0x00000000025c9000 Exception <a 'sun/nio/fs/WindowsException'> (0x00000000d6fdfdd0) thrown at [C:\jenkins\workspace\8-2-build-windows-amd64-cygwin\jdk8u251\737\hotspot\src\share\vm\prims\jni.cpp, line 710]

Events (10 events):
Event: 2.590 loading class Engine/Renderer/EngineUtilities
Event: 2.590 loading class Engine/Renderer/EngineUtilities done
Event: 2.591 loading class org/lwjgl/vulkan/VkPhysicalDevice
Event: 2.591 loading class org/lwjgl/vulkan/VkPhysicalDevice done
Event: 2.591 loading class Engine/Renderer/QueueFamilyIndices
Event: 2.591 loading class Engine/Renderer/QueueFamilyIndices done
Event: 2.594 loading class org/lwjgl/vulkan/VkQueueFamilyProperties
Event: 2.594 loading class org/lwjgl/vulkan/VkQueueFamilyProperties done
Event: 2.594 loading class org/lwjgl/vulkan/VkExtent3D
Event: 2.594 loading class org/lwjgl/vulkan/VkExtent3D done


Dynamic libraries:
0x00007ff6f0aa0000 - 0x00007ff6f0ad7000 	D:\Java\jdk1.8.0_251\bin\java.exe
0x00007ffd8fbe0000 - 0x00007ffd8fdc1000 	C:\WINDOWS\SYSTEM32\ntdll.dll
0x00007ffd8ef20000 - 0x00007ffd8efd1000 	C:\WINDOWS\System32\KERNEL32.DLL
0x00007ffd8c4e0000 - 0x00007ffd8c753000 	C:\WINDOWS\System32\KERNELBASE.dll
0x00007ffd8d060000 - 0x00007ffd8d101000 	C:\WINDOWS\System32\ADVAPI32.dll
0x00007ffd8d140000 - 0x00007ffd8d1de000 	C:\WINDOWS\System32\msvcrt.dll
0x00007ffd8efe0000 - 0x00007ffd8f03b000 	C:\WINDOWS\System32\sechost.dll
0x00007ffd8f050000 - 0x00007ffd8f174000 	C:\WINDOWS\System32\RPCRT4.dll
0x00007ffd8f650000 - 0x00007ffd8f7e0000 	C:\WINDOWS\System32\USER32.dll
0x00007ffd8c290000 - 0x00007ffd8c2b0000 	C:\WINDOWS\System32\win32u.dll
0x00007ffd8ec70000 - 0x00007ffd8ec98000 	C:\WINDOWS\System32\GDI32.dll
0x00007ffd8bff0000 - 0x00007ffd8c181000 	C:\WINDOWS\System32\gdi32full.dll
0x00007ffd8c440000 - 0x00007ffd8c4df000 	C:\WINDOWS\System32\msvcp_win.dll
0x00007ffd8c190000 - 0x00007ffd8c288000 	C:\WINDOWS\System32\ucrtbase.dll
0x00007ffd7e920000 - 0x00007ffd7eb89000 	C:\WINDOWS\WinSxS\amd64_microsoft.windows.common-controls_6595b64144ccf1df_6.0.17134.1246_none_d3ffb9d77c90723d\COMCTL32.dll
0x00007ffd8d1e0000 - 0x00007ffd8d501000 	C:\WINDOWS\System32\combase.dll
0x00007ffd8c2b0000 - 0x00007ffd8c329000 	C:\WINDOWS\System32\bcryptPrimitives.dll
0x00007ffd8d110000 - 0x00007ffd8d13d000 	C:\WINDOWS\System32\IMM32.DLL
0x000000005ce00000 - 0x000000005ced2000 	D:\Java\jdk1.8.0_251\jre\bin\msvcr100.dll
0x000000005c550000 - 0x000000005cdfb000 	D:\Java\jdk1.8.0_251\jre\bin\server\jvm.dll
0x00007ffd8f040000 - 0x00007ffd8f048000 	C:\WINDOWS\System32\PSAPI.DLL
0x00007ffd71240000 - 0x00007ffd71249000 	C:\WINDOWS\SYSTEM32\WSOCK32.dll
0x00007ffd843d0000 - 0x00007ffd843da000 	C:\WINDOWS\SYSTEM32\VERSION.dll
0x00007ffd89ec0000 - 0x00007ffd89ee3000 	C:\WINDOWS\SYSTEM32\WINMM.dll
0x00007ffd8f180000 - 0x00007ffd8f1ec000 	C:\WINDOWS\System32\WS2_32.dll
0x00007ffd89e10000 - 0x00007ffd89e3a000 	C:\WINDOWS\SYSTEM32\WINMMBASE.dll
0x00007ffd8bfa0000 - 0x00007ffd8bfe9000 	C:\WINDOWS\System32\cfgmgr32.dll
0x00007ffd80ad0000 - 0x00007ffd80adf000 	D:\Java\jdk1.8.0_251\jre\bin\verify.dll
0x00007ffd80a60000 - 0x00007ffd80a89000 	D:\Java\jdk1.8.0_251\jre\bin\java.dll
0x00007ffd88750000 - 0x00007ffd88773000 	D:\Java\jdk1.8.0_251\jre\bin\instrument.dll
0x00007ffd80ab0000 - 0x00007ffd80ac6000 	D:\Java\jdk1.8.0_251\jre\bin\zip.dll
0x00007ffd8d780000 - 0x00007ffd8ebc5000 	C:\WINDOWS\System32\SHELL32.dll
0x00007ffd8f9b0000 - 0x00007ffd8fa59000 	C:\WINDOWS\System32\shcore.dll
0x00007ffd8c760000 - 0x00007ffd8ce70000 	C:\WINDOWS\System32\windows.storage.dll
0x00007ffd8eec0000 - 0x00007ffd8ef11000 	C:\WINDOWS\System32\shlwapi.dll
0x00007ffd8bf60000 - 0x00007ffd8bf71000 	C:\WINDOWS\System32\kernel.appcore.dll
0x00007ffd8bf40000 - 0x00007ffd8bf5f000 	C:\WINDOWS\System32\profapi.dll
0x00007ffd8bef0000 - 0x00007ffd8bf3c000 	C:\WINDOWS\System32\powrprof.dll
0x00007ffd8bee0000 - 0x00007ffd8beea000 	C:\WINDOWS\System32\FLTLIB.DLL
0x00007ffd88730000 - 0x00007ffd8874a000 	D:\IntelliJ IDEA Community Edition 2020.1.2\bin\breakgen64.dll
0x00007ffd80a40000 - 0x00007ffd80a5a000 	D:\Java\jdk1.8.0_251\jre\bin\net.dll
0x00007ffd8b700000 - 0x00007ffd8b766000 	C:\WINDOWS\system32\mswsock.dll
0x00007ffd80a20000 - 0x00007ffd80a32000 	D:\Java\jdk1.8.0_251\jre\bin\nio.dll
0x00007ffd87080000 - 0x00007ffd870e4000 	C:\Users\Ewain\AppData\Local\Temp\lwjglEwain\3.2.3-build-13\lwjgl.dll
0x00007ffd6f770000 - 0x00007ffd6f7d2000 	C:\Users\Ewain\AppData\Local\Temp\lwjglEwain\3.2.3-build-13\glfw.dll
0x00007ffd8a260000 - 0x00007ffd8a2f8000 	C:\WINDOWS\system32\uxtheme.dll
0x00007ffd87680000 - 0x00007ffd876c3000 	C:\WINDOWS\SYSTEM32\dinput8.dll
0x00007ffd88720000 - 0x00007ffd88730000 	C:\WINDOWS\SYSTEM32\xinput1_4.dll
0x00007ffd8bc90000 - 0x00007ffd8bcb7000 	C:\WINDOWS\SYSTEM32\DEVOBJ.dll
0x00007ffd7e770000 - 0x00007ffd7e7e9000 	C:\WINDOWS\SYSTEM32\inputhost.dll
0x00007ffd87db0000 - 0x00007ffd87efd000 	C:\WINDOWS\SYSTEM32\wintypes.dll
0x00007ffd89c40000 - 0x00007ffd89d1a000 	C:\WINDOWS\SYSTEM32\CoreMessaging.dll
0x00007ffd86460000 - 0x00007ffd8677e000 	C:\WINDOWS\SYSTEM32\CoreUIComponents.dll
0x00007ffd8afa0000 - 0x00007ffd8afd1000 	C:\WINDOWS\SYSTEM32\ntmarta.dll
0x00007ffd8a340000 - 0x00007ffd8a369000 	C:\WINDOWS\SYSTEM32\dwmapi.dll
0x00007ffd8d510000 - 0x00007ffd8d684000 	C:\WINDOWS\System32\MSCTF.dll
0x00007ffd8d6b0000 - 0x00007ffd8d772000 	C:\WINDOWS\System32\OLEAUT32.dll
0x00007ffd8ab00000 - 0x00007ffd8ab0c000 	C:\WINDOWS\SYSTEM32\HID.DLL
0x00007ffd8f200000 - 0x00007ffd8f64b000 	C:\WINDOWS\System32\SETUPAPI.DLL
0x00007ffd8c3e0000 - 0x00007ffd8c437000 	C:\WINDOWS\System32\WINTRUST.dll
0x00007ffd8bf80000 - 0x00007ffd8bf92000 	C:\WINDOWS\System32\MSASN1.dll
0x00007ffd8ce70000 - 0x00007ffd8d052000 	C:\WINDOWS\System32\CRYPT32.dll
0x00007ffd7e6d0000 - 0x00007ffd7e766000 	C:\WINDOWS\System32\TextInputFramework.dll
0x00007ffd6b430000 - 0x00007ffd6b522000 	C:\WINDOWS\SYSTEM32\vulkan-1.dll
0x00007ffd574c0000 - 0x00007ffd57713000 	C:\Users\Ewain\AppData\Local\Temp\lwjglEwain\3.2.3-build-13\jemalloc.dll
0x00007ffd547f0000 - 0x00007ffd55886000 	C:\WINDOWS\System32\DriverStore\FileRepository\igdlh64.inf_amd64_24de78387e6208e4\igvk64.dll
0x00007ffd8ac70000 - 0x00007ffd8ad2b000 	C:\WINDOWS\system32\dxgi.dll
0x00007ffd64ea0000 - 0x00007ffd64fc0000 	C:\WINDOWS\SYSTEM32\OpenGL32.dll
0x00007ffd65870000 - 0x00007ffd6589c000 	C:\WINDOWS\SYSTEM32\GLU32.dll
0x00007ffd53950000 - 0x00007ffd547e3000 	C:\WINDOWS\System32\DriverStore\FileRepository\igdlh64.inf_amd64_24de78387e6208e4\ig9icd64.dll
0x000000005a310000 - 0x000000005c54b000 	C:\WINDOWS\System32\DriverStore\FileRepository\nvmi.inf_amd64_c99bb6be88afbc28\nvoglv64.dll
0x00007ffd8f7e0000 - 0x00007ffd8f931000 	C:\WINDOWS\System32\ole32.dll
0x00007ffd888a0000 - 0x00007ffd888b3000 	C:\WINDOWS\SYSTEM32\WTSAPI32.dll
0x00007ffd2a950000 - 0x00007ffd2bdc9000 	C:\VulkanSDK\1.2.148.1\Bin\VkLayer_khronos_validation.dll
0x00007ffd7b1c0000 - 0x00007ffd7b1d5000 	C:\WINDOWS\SYSTEM32\VCRUNTIME140.dll
0x00007ffd7b110000 - 0x00007ffd7b1ab000 	C:\WINDOWS\SYSTEM32\MSVCP140.dll
0x00007ffd6e060000 - 0x00007ffd6e0c0000 	C:\ProgramData\obs-studio-hook\graphics-hook64.dll
0x00007ffd816b0000 - 0x00007ffd83615000 	C:\WINDOWS\System32\DriverStore\FileRepository\igdlh64.inf_amd64_24de78387e6208e4\igc64.dll
0x00007ffd8d690000 - 0x00007ffd8d6ad000 	C:\WINDOWS\System32\imagehlp.dll
0x00007ffd8b8b0000 - 0x00007ffd8b8c7000 	C:\WINDOWS\SYSTEM32\CRYPTSP.dll
0x00007ffd8b2b0000 - 0x00007ffd8b2e3000 	C:\WINDOWS\system32\rsaenh.dll
0x00007ffd8b9e0000 - 0x00007ffd8ba05000 	C:\WINDOWS\SYSTEM32\bcrypt.dll
0x00007ffd8b8d0000 - 0x00007ffd8b8db000 	C:\WINDOWS\SYSTEM32\CRYPTBASE.dll
0x00007ffd531d0000 - 0x00007ffd53482000 	C:\WINDOWS\system32\nvspcap64.dll
0x00007ffd75fa0000 - 0x00007ffd76169000 	C:\WINDOWS\SYSTEM32\dbghelp.dll

VM Arguments:
jvm_args: -javaagent:D:\IntelliJ IDEA Community Edition 2020.1.2\lib\idea_rt.jar=50908:D:\IntelliJ IDEA Community Edition 2020.1.2\bin -Dfile.encoding=UTF-8 
java_command: Engine.Piston
java_class_path (initial): D:\Java\jdk1.8.0_251\jre\lib\charsets.jar;D:\Java\jdk1.8.0_251\jre\lib\deploy.jar;D:\Java\jdk1.8.0_251\jre\lib\ext\access-bridge-64.jar;D:\Java\jdk1.8.0_251\jre\lib\ext\cldrdata.jar;D:\Java\jdk1.8.0_251\jre\lib\ext\dnsns.jar;D:\Java\jdk1.8.0_251\jre\lib\ext\jaccess.jar;D:\Java\jdk1.8.0_251\jre\lib\ext\jfxrt.jar;D:\Java\jdk1.8.0_251\jre\lib\ext\localedata.jar;D:\Java\jdk1.8.0_251\jre\lib\ext\nashorn.jar;D:\Java\jdk1.8.0_251\jre\lib\ext\sunec.jar;D:\Java\jdk1.8.0_251\jre\lib\ext\sunjce_provider.jar;D:\Java\jdk1.8.0_251\jre\lib\ext\sunmscapi.jar;D:\Java\jdk1.8.0_251\jre\lib\ext\sunpkcs11.jar;D:\Java\jdk1.8.0_251\jre\lib\ext\zipfs.jar;D:\Java\jdk1.8.0_251\jre\lib\javaws.jar;D:\Java\jdk1.8.0_251\jre\lib\jce.jar;D:\Java\jdk1.8.0_251\jre\lib\jfr.jar;D:\Java\jdk1.8.0_251\jre\lib\jfxswt.jar;D:\Java\jdk1.8.0_251\jre\lib\jsse.jar;D:\Java\jdk1.8.0_251\jre\lib\management-agent.jar;D:\Java\jdk1.8.0_251\jre\lib\plugin.jar;D:\Java\jdk1.8.0_251\jre\lib\resources.jar;D:\Java\jdk1.8.0_251\jre\lib\rt.jar;D:\Piston\Piston\out\production\Piston;C:\Users\Ewain\Downloads\lwjgl-release-3.2.3-custom\lwjgl.jar;C:\Users\Ewain\Downloads\lwjgl-release-3.2.3-custom\lwjgl-egl.jar;C:\Users\Ewain\Downloads\lwjgl-release-3.2.3-custom\lwjgl-lz4.jar;C:\Users\Ewain\Downloads\lwjgl-release-3.2.3-custom\lwjgl-nfd.jar;C:\Users\Ewain\Downloads\lwjgl-release-3.2.3-custom\lwjgl-ovr.jar;C:\Users\Ewain\Downloads\lwjgl-release-3.2.3-custom\lwjgl-par.jar;C:\Users\Ewain\Downloads\lwjgl-release-3.2.3-custom\lwjgl-sse.jar;C:\Users\Ewain\Downloads\lwjgl-release-3.2.3-custom\lwjgl-stb.jar;C:\Users\Ewain\Downloads\lwjgl-release-3.2.3-custom\lwjgl-vma.jar;C:\Users\Ewain\Downloads\lwjgl-release-3.2.3-custom\lwjgl-bgfx.jar;C:\Users\Ewain\Downloads\lwjgl-release-3.2.3-custom\lwjgl-cuda.jar;C:\Users\Ewain\Downloads\lwjgl-release-3.2.3-custom\lwjgl-glfw.jar;C:\Users\Ewain\Downloads\lwjgl-release-3.2.3-custom\lwjgl-jawt.jar;C:\Users\Ewain\Downloads\lwjgl-release-3.2.3-custom\lwjgl-llvm.jar;C:\User
Launcher Type: SUN_STANDARD

Environment Variables:
JAVA_HOME=D:\Java\jdk1.8.0_251
PATH=C:\VulkanSDK\1.2.148.1\Bin;C:\Program Files (x86)\NVIDIA Corporation\PhysX\Common;C:\Program Files (x86)\Common Files\Intel\Shared Libraries\redist\intel64\compiler;C:\Program Files (x86)\Common Files\Oracle\Java\javapath;C:\Program Files (x86)\Intel\Intel(R) Management Engine Components\iCLS\;C:\Program Files\Intel\Intel(R) Management Engine Components\iCLS\;C:\Windows\system32;C:\Windows;C:\Windows\System32\Wbem;C:\Windows\System32\WindowsPowerShell\v1.0\;C:\Program Files\Intel\WiFi\bin\;C:\Program Files\Common Files\Intel\WirelessCommon\;C:\Program Files (x86)\Intel\Intel(R) Management Engine Components\DAL;C:\Program Files\Intel\Intel(R) Management Engine Components\DAL;C:\Program Files (x86)\Intel\Intel(R) Management Engine Components\IPT;C:\Program Files\Intel\Intel(R) Management Engine Components\IPT;C:\WINDOWS\system32;C:\WINDOWS;C:\WINDOWS\System32\Wbem;C:\WINDOWS\System32\WindowsPowerShell\v1.0\;C:\WINDOWS\System32\OpenSSH\;C:\Program Files\NVIDIA Corporation\NVIDIA NvDLISR;D:\Java\jdk1.8.0_251\bin;C:\Program Files\MySQL\MySQL Shell 8.0\bin\;C:\Users\Ewain\AppData\Local\Microsoft\WindowsApps;C:\Users\Ewain\AppData\Local\GitHubDesktop\bin;C:\Program Files\qemu;C:\Program Files\NASM;D:\intelFPGA_pro\20.2\modelsim_ase\win32aloem;D:\intelFPGA_lite\19.1\modelsim_ase\win32aloem;C:\Users\Ewain\Downloads\srecord-1.63-win32;
USERNAME=Ewain
OS=Windows_NT
PROCESSOR_IDENTIFIER=Intel64 Family 6 Model 158 Stepping 10, GenuineIntel



---------------  S Y S T E M  ---------------

OS: Windows 10.0 , 64 bit Build 17134 (10.0.17134.753)

CPU:total 8 (initial active 8) (4 cores per cpu, 2 threads per core) family 6 model 158 stepping 10, cmov, cx8, fxsr, mmx, sse, sse2, sse3, ssse3, sse4.1, sse4.2, popcnt, avx, avx2, aes, clmul, erms, 3dnowpref, lzcnt, ht, tsc, tscinvbit, bmi1, bmi2, adx

Memory: 4k page, physical 8232352k(2879396k free), swap 13213088k(4785812k free)

vm_info: Java HotSpot(TM) 64-Bit Server VM (25.251-b08) for windows-amd64 JRE (1.8.0_251-b08), built on Mar 12 2020 06:31:49 by "" with MS VC++ 10.0 (VS2010)

time: Fri Aug 28 04:56:29 2020
timezone: GMT Daylight Time
elapsed time: 2 seconds (0d 0h 0m 2s)

